<?xml version="1.0" encoding="UTF-8"?>
<!-- Generated by org.testng.reporters.JUnitReportReporter -->
<testsuite hostname="LTIN510699" failures="0" tests="1" name="testCases.TestCase03" time="53.607" errors="0" timestamp="2024-03-18T11:58:40 IST" skipped="0">
  <testcase classname="testCases.TestCase03" name="test1" time="53.607"/>
</testsuite> <!-- testCases.TestCase03 -->
