<?xml version="1.0" encoding="UTF-8"?>
<!-- Generated by org.testng.reporters.JUnitReportReporter -->
<testsuite hostname="LTIN510699" failures="0" tests="1" name="testCases.TestCase02" time="16.222" errors="0" timestamp="2024-03-18T11:58:40 IST" skipped="0">
  <testcase classname="testCases.TestCase02" name="test2" time="16.222"/>
</testsuite> <!-- testCases.TestCase02 -->
