<?xml version="1.0" encoding="UTF-8"?>
<!-- Generated by org.testng.reporters.JUnitReportReporter -->
<testsuite hostname="LTIN510699" failures="0" tests="1" name="testCases.TestCase01" time="8.242" errors="0" timestamp="2024-03-18T11:58:40 IST" skipped="0">
  <testcase classname="testCases.TestCase01" name="test1" time="8.242"/>
</testsuite> <!-- testCases.TestCase01 -->
